[2022-12-30 13:27:04Z INFO HostContext] No proxy settings were found based on environmental variables (http_proxy/https_proxy/HTTP_PROXY/HTTPS_PROXY)
[2022-12-30 13:27:04Z INFO HostContext] Well known directory 'Bin': 'C:\Users\aless\Documents\prova\actions-runner\bin'
[2022-12-30 13:27:04Z INFO HostContext] Well known directory 'Root': 'C:\Users\aless\Documents\prova\actions-runner'
[2022-12-30 13:27:04Z INFO HostContext] Well known config file 'Credentials': 'C:\Users\aless\Documents\prova\actions-runner\.credentials'
[2022-12-30 13:27:04Z INFO HostContext] Well known directory 'Bin': 'C:\Users\aless\Documents\prova\actions-runner\bin'
[2022-12-30 13:27:04Z INFO HostContext] Well known directory 'Root': 'C:\Users\aless\Documents\prova\actions-runner'
[2022-12-30 13:27:04Z INFO HostContext] Well known config file 'Runner': 'C:\Users\aless\Documents\prova\actions-runner\.runner'
[2022-12-30 13:27:04Z INFO Listener] Runner is built for Windows (X64) - win-x64.
[2022-12-30 13:27:04Z INFO Listener] RuntimeInformation: Microsoft Windows 10.0.22000.
[2022-12-30 13:27:04Z INFO Listener] Version: 2.300.2
[2022-12-30 13:27:04Z INFO Listener] Commit: 5b39316bae9c5831bd23ae25cd63bf903488a9d0
[2022-12-30 13:27:04Z INFO Listener] Culture: it-IT
[2022-12-30 13:27:04Z INFO Listener] UI Culture: it-IT
[2022-12-30 13:27:04Z INFO HostContext] Well known directory 'Bin': 'C:\Users\aless\Documents\prova\actions-runner\bin'
[2022-12-30 13:27:04Z INFO HostContext] Well known directory 'Root': 'C:\Users\aless\Documents\prova\actions-runner'
[2022-12-30 13:27:04Z INFO Listener] Validating directory permissions for: 'C:\Users\aless\Documents\prova\actions-runner'
[2022-12-30 13:27:04Z INFO CommandLineParser] Parse
[2022-12-30 13:27:04Z INFO CommandLineParser] Parsing 1 args
[2022-12-30 13:27:04Z INFO CommandLineParser] parsing argument
[2022-12-30 13:27:04Z INFO CommandLineParser] HasArgs: False
[2022-12-30 13:27:04Z INFO CommandLineParser] Adding Command: remove
[2022-12-30 13:27:04Z INFO Listener] Arguments parsed
[2022-12-30 13:27:04Z INFO Runner] ExecuteCommand
[2022-12-30 13:27:04Z INFO ConfigurationStore] currentAssemblyLocation: C:\Users\aless\Documents\prova\actions-runner\bin\Runner.Listener.dll
[2022-12-30 13:27:04Z INFO HostContext] Well known directory 'Bin': 'C:\Users\aless\Documents\prova\actions-runner\bin'
[2022-12-30 13:27:04Z INFO ConfigurationStore] binPath: C:\Users\aless\Documents\prova\actions-runner\bin
[2022-12-30 13:27:04Z INFO HostContext] Well known directory 'Bin': 'C:\Users\aless\Documents\prova\actions-runner\bin'
[2022-12-30 13:27:04Z INFO HostContext] Well known directory 'Root': 'C:\Users\aless\Documents\prova\actions-runner'
[2022-12-30 13:27:04Z INFO ConfigurationStore] RootFolder: C:\Users\aless\Documents\prova\actions-runner
[2022-12-30 13:27:04Z INFO HostContext] Well known directory 'Bin': 'C:\Users\aless\Documents\prova\actions-runner\bin'
[2022-12-30 13:27:04Z INFO HostContext] Well known directory 'Root': 'C:\Users\aless\Documents\prova\actions-runner'
[2022-12-30 13:27:04Z INFO HostContext] Well known config file 'Runner': 'C:\Users\aless\Documents\prova\actions-runner\.runner'
[2022-12-30 13:27:04Z INFO ConfigurationStore] ConfigFilePath: C:\Users\aless\Documents\prova\actions-runner\.runner
[2022-12-30 13:27:04Z INFO HostContext] Well known directory 'Bin': 'C:\Users\aless\Documents\prova\actions-runner\bin'
[2022-12-30 13:27:04Z INFO HostContext] Well known directory 'Root': 'C:\Users\aless\Documents\prova\actions-runner'
[2022-12-30 13:27:04Z INFO HostContext] Well known config file 'Credentials': 'C:\Users\aless\Documents\prova\actions-runner\.credentials'
[2022-12-30 13:27:04Z INFO ConfigurationStore] CredFilePath: C:\Users\aless\Documents\prova\actions-runner\.credentials
[2022-12-30 13:27:04Z INFO HostContext] Well known directory 'Bin': 'C:\Users\aless\Documents\prova\actions-runner\bin'
[2022-12-30 13:27:04Z INFO HostContext] Well known directory 'Root': 'C:\Users\aless\Documents\prova\actions-runner'
[2022-12-30 13:27:04Z INFO HostContext] Well known config file 'MigratedCredentials': 'C:\Users\aless\Documents\prova\actions-runner\.credentials_migrated'
[2022-12-30 13:27:04Z INFO ConfigurationStore] MigratedCredFilePath: C:\Users\aless\Documents\prova\actions-runner\.credentials_migrated
[2022-12-30 13:27:04Z INFO HostContext] Well known directory 'Bin': 'C:\Users\aless\Documents\prova\actions-runner\bin'
[2022-12-30 13:27:04Z INFO HostContext] Well known directory 'Root': 'C:\Users\aless\Documents\prova\actions-runner'
[2022-12-30 13:27:04Z INFO HostContext] Well known config file 'Service': 'C:\Users\aless\Documents\prova\actions-runner\.service'
[2022-12-30 13:27:04Z INFO ConfigurationStore] ServiceConfigFilePath: C:\Users\aless\Documents\prova\actions-runner\.service
[2022-12-30 13:27:04Z INFO CommandSettings] Flag 'help': 'False'
[2022-12-30 13:27:04Z INFO CommandSettings] Flag 'version': 'False'
[2022-12-30 13:27:04Z INFO CommandSettings] Flag 'commit': 'False'
[2022-12-30 13:27:04Z INFO CommandSettings] Flag 'check': 'False'
[2022-12-30 13:27:04Z INFO CommandSettings] Command 'configure': 'False'
[2022-12-30 13:27:04Z INFO CommandSettings] Command 'remove': 'True'
[2022-12-30 13:27:04Z INFO ConfigurationStore] IsServiceConfigured()
[2022-12-30 13:27:04Z INFO ConfigurationStore] IsServiceConfigured: False
[2022-12-30 13:27:04Z INFO ConfigurationStore] IsConfigured()
[2022-12-30 13:27:04Z INFO ConfigurationStore] IsConfigured: True
[2022-12-30 13:27:04Z INFO ConfigurationStore] HasCredentials()
[2022-12-30 13:27:04Z INFO ConfigurationStore] stored True
[2022-12-30 13:27:04Z INFO ConfigurationStore] Read setting file: 297 chars
[2022-12-30 13:27:04Z INFO CommandSettings] Arg 'token': ''
[2022-12-30 13:27:04Z INFO CommandSettings] Flag 'unattended': 'False'
[2022-12-30 13:27:04Z INFO PromptManager] ReadValue
[2022-12-30 13:27:04Z INFO Terminal] WRITE: Enter runner remove token: 
[2022-12-30 13:27:04Z INFO Terminal] READ SECRET
[2022-12-30 13:27:07Z INFO Terminal] WRITE LINE: Exiting...
