[2022-12-30 13:26:44Z INFO HostContext] No proxy settings were found based on environmental variables (http_proxy/https_proxy/HTTP_PROXY/HTTPS_PROXY)
[2022-12-30 13:26:44Z INFO HostContext] Well known directory 'Bin': 'C:\Users\aless\Documents\prova\actions-runner\bin'
[2022-12-30 13:26:44Z INFO HostContext] Well known directory 'Root': 'C:\Users\aless\Documents\prova\actions-runner'
[2022-12-30 13:26:44Z INFO HostContext] Well known config file 'Credentials': 'C:\Users\aless\Documents\prova\actions-runner\.credentials'
[2022-12-30 13:26:45Z INFO HostContext] Well known directory 'Bin': 'C:\Users\aless\Documents\prova\actions-runner\bin'
[2022-12-30 13:26:45Z INFO HostContext] Well known directory 'Root': 'C:\Users\aless\Documents\prova\actions-runner'
[2022-12-30 13:26:45Z INFO HostContext] Well known config file 'Runner': 'C:\Users\aless\Documents\prova\actions-runner\.runner'
[2022-12-30 13:26:45Z INFO Listener] Runner is built for Windows (X64) - win-x64.
[2022-12-30 13:26:45Z INFO Listener] RuntimeInformation: Microsoft Windows 10.0.22000.
[2022-12-30 13:26:45Z INFO Listener] Version: 2.300.2
[2022-12-30 13:26:45Z INFO Listener] Commit: 5b39316bae9c5831bd23ae25cd63bf903488a9d0
[2022-12-30 13:26:45Z INFO Listener] Culture: it-IT
[2022-12-30 13:26:45Z INFO Listener] UI Culture: it-IT
[2022-12-30 13:26:45Z INFO HostContext] Well known directory 'Bin': 'C:\Users\aless\Documents\prova\actions-runner\bin'
[2022-12-30 13:26:45Z INFO HostContext] Well known directory 'Root': 'C:\Users\aless\Documents\prova\actions-runner'
[2022-12-30 13:26:45Z INFO Listener] Validating directory permissions for: 'C:\Users\aless\Documents\prova\actions-runner'
[2022-12-30 13:26:45Z INFO CommandLineParser] Parse
[2022-12-30 13:26:45Z INFO CommandLineParser] Parsing 5 args
[2022-12-30 13:26:45Z INFO CommandLineParser] parsing argument
[2022-12-30 13:26:45Z INFO CommandLineParser] HasArgs: False
[2022-12-30 13:26:45Z INFO CommandLineParser] Adding Command: configure
[2022-12-30 13:26:45Z INFO CommandLineParser] parsing argument
[2022-12-30 13:26:45Z INFO CommandLineParser] HasArgs: True
[2022-12-30 13:26:45Z INFO CommandLineParser] arg: url
[2022-12-30 13:26:45Z INFO CommandLineParser] parsing argument
[2022-12-30 13:26:45Z INFO CommandLineParser] HasArgs: True
[2022-12-30 13:26:45Z INFO CommandLineParser] Adding option 'url': 'https://github.com/BuckoDrink1/prova'
[2022-12-30 13:26:45Z INFO CommandLineParser] parsing argument
[2022-12-30 13:26:45Z INFO CommandLineParser] HasArgs: True
[2022-12-30 13:26:45Z INFO CommandLineParser] arg: token
[2022-12-30 13:26:45Z INFO CommandLineParser] parsing argument
[2022-12-30 13:26:45Z INFO CommandLineParser] HasArgs: True
[2022-12-30 13:26:45Z INFO CommandLineParser] Adding option 'token': '***'
[2022-12-30 13:26:45Z INFO Listener] Arguments parsed
[2022-12-30 13:26:45Z INFO Runner] ExecuteCommand
[2022-12-30 13:26:45Z INFO ConfigurationStore] currentAssemblyLocation: C:\Users\aless\Documents\prova\actions-runner\bin\Runner.Listener.dll
[2022-12-30 13:26:45Z INFO HostContext] Well known directory 'Bin': 'C:\Users\aless\Documents\prova\actions-runner\bin'
[2022-12-30 13:26:45Z INFO ConfigurationStore] binPath: C:\Users\aless\Documents\prova\actions-runner\bin
[2022-12-30 13:26:45Z INFO HostContext] Well known directory 'Bin': 'C:\Users\aless\Documents\prova\actions-runner\bin'
[2022-12-30 13:26:45Z INFO HostContext] Well known directory 'Root': 'C:\Users\aless\Documents\prova\actions-runner'
[2022-12-30 13:26:45Z INFO ConfigurationStore] RootFolder: C:\Users\aless\Documents\prova\actions-runner
[2022-12-30 13:26:45Z INFO HostContext] Well known directory 'Bin': 'C:\Users\aless\Documents\prova\actions-runner\bin'
[2022-12-30 13:26:45Z INFO HostContext] Well known directory 'Root': 'C:\Users\aless\Documents\prova\actions-runner'
[2022-12-30 13:26:45Z INFO HostContext] Well known config file 'Runner': 'C:\Users\aless\Documents\prova\actions-runner\.runner'
[2022-12-30 13:26:45Z INFO ConfigurationStore] ConfigFilePath: C:\Users\aless\Documents\prova\actions-runner\.runner
[2022-12-30 13:26:45Z INFO HostContext] Well known directory 'Bin': 'C:\Users\aless\Documents\prova\actions-runner\bin'
[2022-12-30 13:26:45Z INFO HostContext] Well known directory 'Root': 'C:\Users\aless\Documents\prova\actions-runner'
[2022-12-30 13:26:45Z INFO HostContext] Well known config file 'Credentials': 'C:\Users\aless\Documents\prova\actions-runner\.credentials'
[2022-12-30 13:26:45Z INFO ConfigurationStore] CredFilePath: C:\Users\aless\Documents\prova\actions-runner\.credentials
[2022-12-30 13:26:45Z INFO HostContext] Well known directory 'Bin': 'C:\Users\aless\Documents\prova\actions-runner\bin'
[2022-12-30 13:26:45Z INFO HostContext] Well known directory 'Root': 'C:\Users\aless\Documents\prova\actions-runner'
[2022-12-30 13:26:45Z INFO HostContext] Well known config file 'MigratedCredentials': 'C:\Users\aless\Documents\prova\actions-runner\.credentials_migrated'
[2022-12-30 13:26:45Z INFO ConfigurationStore] MigratedCredFilePath: C:\Users\aless\Documents\prova\actions-runner\.credentials_migrated
[2022-12-30 13:26:45Z INFO HostContext] Well known directory 'Bin': 'C:\Users\aless\Documents\prova\actions-runner\bin'
[2022-12-30 13:26:45Z INFO HostContext] Well known directory 'Root': 'C:\Users\aless\Documents\prova\actions-runner'
[2022-12-30 13:26:45Z INFO HostContext] Well known config file 'Service': 'C:\Users\aless\Documents\prova\actions-runner\.service'
[2022-12-30 13:26:45Z INFO ConfigurationStore] ServiceConfigFilePath: C:\Users\aless\Documents\prova\actions-runner\.service
[2022-12-30 13:26:45Z INFO CommandSettings] Flag 'help': 'False'
[2022-12-30 13:26:45Z INFO CommandSettings] Flag 'version': 'False'
[2022-12-30 13:26:45Z INFO CommandSettings] Flag 'commit': 'False'
[2022-12-30 13:26:45Z INFO CommandSettings] Flag 'check': 'False'
[2022-12-30 13:26:45Z INFO CommandSettings] Command 'configure': 'True'
[2022-12-30 13:26:45Z INFO Terminal] WRITE LINE: 
[2022-12-30 13:26:45Z INFO Terminal] WRITE LINE: --------------------------------------------------------------------------------
[2022-12-30 13:26:45Z INFO Terminal] WRITE LINE: |        ____ _ _   _   _       _          _        _   _                      |
[2022-12-30 13:26:45Z INFO Terminal] WRITE LINE: |       / ___(_) |_| | | |_   _| |__      / \   ___| |_(_) ___  _ __  ___      |
[2022-12-30 13:26:45Z INFO Terminal] WRITE LINE: |      | |  _| | __| |_| | | | | '_ \    / _ \ / __| __| |/ _ \| '_ \/ __|     |
[2022-12-30 13:26:45Z INFO Terminal] WRITE LINE: |      | |_| | | |_|  _  | |_| | |_) |  / ___ \ (__| |_| | (_) | | | \__ \     |
[2022-12-30 13:26:45Z INFO Terminal] WRITE LINE: |       \____|_|\__|_| |_|\__,_|_.__/  /_/   \_\___|\__|_|\___/|_| |_|___/     |
[2022-12-30 13:26:45Z INFO Terminal] WRITE LINE: |                                                                              |
[2022-12-30 13:26:45Z INFO Terminal] WRITE: |                       
[2022-12-30 13:26:45Z INFO Terminal] WRITE: Self-hosted runner registration
[2022-12-30 13:26:45Z INFO Terminal] WRITE LINE:                         |
[2022-12-30 13:26:45Z INFO Terminal] WRITE LINE: |                                                                              |
[2022-12-30 13:26:45Z INFO Terminal] WRITE LINE: --------------------------------------------------------------------------------
[2022-12-30 13:26:45Z INFO ConfigurationManager] ConfigureAsync
[2022-12-30 13:26:45Z INFO CommandSettings] Flag 'generateServiceConfig': 'False'
[2022-12-30 13:26:45Z INFO ConfigurationStore] IsConfigured()
[2022-12-30 13:26:45Z INFO ConfigurationStore] IsConfigured: True
[2022-12-30 13:26:45Z INFO ConfigurationManager] Is configured: True
[2022-12-30 13:26:45Z ERR  Runner] System.InvalidOperationException: Cannot configure the runner because it is already configured. To reconfigure the runner, run 'config.cmd remove' or './config.sh remove' first.
   at GitHub.Runner.Listener.Configuration.ConfigurationManager.ConfigureAsync(CommandSettings command)
   at GitHub.Runner.Listener.Runner.ExecuteCommand(CommandSettings command)
[2022-12-30 13:26:45Z ERR  Terminal] WRITE ERROR: Cannot configure the runner because it is already configured. To reconfigure the runner, run 'config.cmd remove' or './config.sh remove' first.
[2022-12-30 13:26:45Z INFO Listener] Runner execution has finished with return code 1
